[0.005s] Invoking command in '/home/ubuntu/ros2_ws4/src/rmd_motor_hardware/build/rmd_motor_hardware': CMAKE_PREFIX_PATH=/home/ubuntu/ros2_ws/install/my_robot_controller:/opt/ros/humble /usr/bin/cmake /home/ubuntu/ros2_ws4/src/rmd_motor_hardware -DCMAKE_INSTALL_PREFIX=/home/ubuntu/ros2_ws4/src/rmd_motor_hardware/install/rmd_motor_hardware
[0.043s] -- The C compiler identification is GNU 11.4.0
[0.076s] -- The CXX compiler identification is GNU 11.4.0
[0.080s] -- Detecting C compiler ABI info
[0.117s] -- Detecting C compiler ABI info - done
[0.121s] -- Check for working C compiler: /usr/bin/cc - skipped
[0.121s] -- Detecting C compile features
[0.121s] -- Detecting C compile features - done
[0.123s] -- Detecting CXX compiler ABI info
[0.160s] -- Detecting CXX compiler ABI info - done
[0.163s] -- Check for working CXX compiler: /usr/bin/c++ - skipped
[0.163s] -- Detecting CXX compile features
[0.163s] -- Detecting CXX compile features - done
[0.165s] -- Found ament_cmake: 1.3.10 (/opt/ros/humble/share/ament_cmake/cmake)
[0.225s] -- Found Python3: /usr/bin/python3 (found version "3.10.12") found components: Interpreter 
[0.265s] -- Found hardware_interface: 2.43.0 (/opt/ros/humble/share/hardware_interface/cmake)
[0.281s] -- Found rosidl_generator_c: 3.1.5 (/opt/ros/humble/share/rosidl_generator_c/cmake)
[0.283s] -- Found rosidl_adapter: 3.1.5 (/opt/ros/humble/share/rosidl_adapter/cmake)
[0.287s] -- Found rosidl_generator_cpp: 3.1.5 (/opt/ros/humble/share/rosidl_generator_cpp/cmake)
[0.292s] -- Using all available rosidl_typesupport_c: rosidl_typesupport_fastrtps_c;rosidl_typesupport_introspection_c
[0.299s] -- Using all available rosidl_typesupport_cpp: rosidl_typesupport_fastrtps_cpp;rosidl_typesupport_introspection_cpp
[0.394s] -- Found rmw_implementation_cmake: 6.1.2 (/opt/ros/humble/share/rmw_implementation_cmake/cmake)
[0.395s] -- Found rmw_fastrtps_cpp: 6.2.7 (/opt/ros/humble/share/rmw_fastrtps_cpp/cmake)
[0.407s] -- Found TinyXML2 via Config file: TinyXML2_DIR-NOTFOUND
[0.423s] -- Found OpenSSL: /usr/lib/aarch64-linux-gnu/libcrypto.so (found version "3.0.2")  
[0.424s] -- Found TinyXML2 via Config file: TinyXML2_DIR-NOTFOUND
[0.431s] -- Found FastRTPS: /opt/ros/humble/include  
[0.432s] -- Found TinyXML2 via Config file: TinyXML2_DIR-NOTFOUND
[0.439s] -- Found TinyXML2 via Config file: TinyXML2_DIR-NOTFOUND
[0.443s] -- Using RMW implementation 'rmw_fastrtps_cpp' as default
[0.446s] -- Looking for pthread.h
[0.476s] -- Looking for pthread.h - found
[0.476s] -- Performing Test CMAKE_HAVE_LIBC_PTHREAD
[0.505s] -- Performing Test CMAKE_HAVE_LIBC_PTHREAD - Success
[0.505s] -- Found Threads: TRUE  
[0.532s] -- Found ament_lint_auto: 0.12.11 (/opt/ros/humble/share/ament_lint_auto/cmake)
[0.567s] -- Added test 'cppcheck' to perform static code analysis on C / C++ code
[0.567s] -- Configured cppcheck include dirs: /home/ubuntu/ros2_ws4/src/rmd_motor_hardware/include
[0.568s] -- Configured cppcheck exclude dirs and/or files: 
[0.568s] -- Added test 'flake8' to check Python code syntax and style conventions
[0.569s] -- Added test 'lint_cmake' to check CMake code style
[0.570s] -- Added test 'pep257' to check Python code against some of the docstring style conventions in PEP 257
[0.573s] -- Added test 'uncrustify' to check C / C++ code style
[0.573s] -- Configured uncrustify additional arguments: 
[0.573s] -- Added test 'xmllint' to check XML markup files
[0.574s] -- Configuring done
[0.590s] -- Generating done
[0.591s] -- Build files have been written to: /home/ubuntu/ros2_ws4/src/rmd_motor_hardware/build/rmd_motor_hardware
[0.595s] Invoked command in '/home/ubuntu/ros2_ws4/src/rmd_motor_hardware/build/rmd_motor_hardware' returned '0': CMAKE_PREFIX_PATH=/home/ubuntu/ros2_ws/install/my_robot_controller:/opt/ros/humble /usr/bin/cmake /home/ubuntu/ros2_ws4/src/rmd_motor_hardware -DCMAKE_INSTALL_PREFIX=/home/ubuntu/ros2_ws4/src/rmd_motor_hardware/install/rmd_motor_hardware
[0.596s] Invoking command in '/home/ubuntu/ros2_ws4/src/rmd_motor_hardware/build/rmd_motor_hardware': CMAKE_PREFIX_PATH=/home/ubuntu/ros2_ws/install/my_robot_controller:/opt/ros/humble /usr/bin/cmake --build /home/ubuntu/ros2_ws4/src/rmd_motor_hardware/build/rmd_motor_hardware -- -j5 -l5
[0.614s] [ 50%] [32mBuilding CXX object CMakeFiles/rmd_motor_hardware.dir/src/rmd_motor_hardware_interface.cpp.o[0m
[0.750s] In file included from [01m[K/home/ubuntu/ros2_ws4/src/rmd_motor_hardware/src/rmd_motor_hardware_interface.cpp:1[m[K:
[0.751s] [01m[K/home/ubuntu/ros2_ws4/src/rmd_motor_hardware/include/rmd_motor_hardware/rmd_motor_hardware_interface.hpp:6:10:[m[K [01;31m[Kfatal error: [m[Kvisibility_control.h: No such file or directory
[0.751s]     6 | #include [01;31m[K"visibility_control.h"[m[K
[0.751s]       |          [01;31m[K^~~~~~~~~~~~~~~~~~~~~~[m[K
[0.751s] compilation terminated.
[0.752s] gmake[2]: *** [CMakeFiles/rmd_motor_hardware.dir/build.make:76: CMakeFiles/rmd_motor_hardware.dir/src/rmd_motor_hardware_interface.cpp.o] Error 1
[0.752s] gmake[1]: *** [CMakeFiles/Makefile2:137: CMakeFiles/rmd_motor_hardware.dir/all] Error 2
[0.752s] gmake: *** [Makefile:146: all] Error 2
[0.753s] Invoked command in '/home/ubuntu/ros2_ws4/src/rmd_motor_hardware/build/rmd_motor_hardware' returned '2': CMAKE_PREFIX_PATH=/home/ubuntu/ros2_ws/install/my_robot_controller:/opt/ros/humble /usr/bin/cmake --build /home/ubuntu/ros2_ws4/src/rmd_motor_hardware/build/rmd_motor_hardware -- -j5 -l5
